[debug] [2024-05-07T22:59:47.205Z] ----------------------------------------------------------------------
[debug] [2024-05-07T22:59:47.207Z] Command:       /usr/local/bin/node /usr/local/bin/firebase deploy
[debug] [2024-05-07T22:59:47.208Z] CLI Version:   12.5.4
[debug] [2024-05-07T22:59:47.208Z] Platform:      darwin
[debug] [2024-05-07T22:59:47.208Z] Node Version:  v18.17.1
[debug] [2024-05-07T22:59:47.214Z] Time:          Tue May 07 2024 18:59:47 GMT-0400 (Eastern Daylight Time)
[debug] [2024-05-07T22:59:47.214Z] ----------------------------------------------------------------------
[debug] 
[debug] [2024-05-07T22:59:47.220Z] >>> [apiv2][query] GET https://firebase-public.firebaseio.com/cli.json [none]
[debug] [2024-05-07T22:59:47.731Z] > command requires scopes: ["email","openid","https://www.googleapis.com/auth/cloudplatformprojects.readonly","https://www.googleapis.com/auth/firebase","https://www.googleapis.com/auth/cloud-platform"]
[debug] [2024-05-07T22:59:47.732Z] > authorizing via signed-in user (vanessa.chenzt@gmail.com)
[debug] [2024-05-07T22:59:47.734Z] [iam] checking project personal-site-ce23b for permissions ["firebase.projects.get","firebasehosting.sites.update"]
[debug] [2024-05-07T22:59:47.735Z] > refreshing access token with scopes: []
[debug] [2024-05-07T22:59:47.736Z] >>> [apiv2][query] POST https://www.googleapis.com/oauth2/v3/token [none]
[debug] [2024-05-07T22:59:47.736Z] >>> [apiv2][body] POST https://www.googleapis.com/oauth2/v3/token [omitted]
[debug] [2024-05-07T22:59:47.849Z] <<< [apiv2][status] GET https://firebase-public.firebaseio.com/cli.json 200
[debug] [2024-05-07T22:59:47.849Z] <<< [apiv2][body] GET https://firebase-public.firebaseio.com/cli.json {"cloudBuildErrorAfter":1594252800000,"cloudBuildWarnAfter":1590019200000,"defaultNode10After":1594252800000,"minVersion":"3.0.5","node8DeploysDisabledAfter":1613390400000,"node8RuntimeDisabledAfter":1615809600000,"node8WarnAfter":1600128000000}
[debug] [2024-05-07T22:59:47.938Z] <<< [apiv2][status] POST https://www.googleapis.com/oauth2/v3/token 400
[debug] [2024-05-07T22:59:47.938Z] <<< [apiv2][body] POST https://www.googleapis.com/oauth2/v3/token [omitted]
[debug] [2024-05-07T22:59:47.938Z] >>> [apiv2][query] POST https://cloudresourcemanager.googleapis.com/v1/projects/personal-site-ce23b:testIamPermissions [none]
[debug] [2024-05-07T22:59:47.938Z] >>> [apiv2][(partial)header] POST https://cloudresourcemanager.googleapis.com/v1/projects/personal-site-ce23b:testIamPermissions x-goog-quota-user=projects/personal-site-ce23b
[debug] [2024-05-07T22:59:47.938Z] >>> [apiv2][body] POST https://cloudresourcemanager.googleapis.com/v1/projects/personal-site-ce23b:testIamPermissions {"permissions":["firebase.projects.get","firebasehosting.sites.update"]}
[debug] [2024-05-07T22:59:48.166Z] <<< [apiv2][status] POST https://cloudresourcemanager.googleapis.com/v1/projects/personal-site-ce23b:testIamPermissions 401
[debug] [2024-05-07T22:59:48.166Z] <<< [apiv2][body] POST https://cloudresourcemanager.googleapis.com/v1/projects/personal-site-ce23b:testIamPermissions {"error":{"code":401,"message":"Request had invalid authentication credentials. Expected OAuth 2 access token, login cookie or other valid authentication credential. See https://developers.google.com/identity/sign-in/web/devconsole-project.","status":"UNAUTHENTICATED","details":[{"@type":"type.googleapis.com/google.rpc.ErrorInfo","reason":"ACCESS_TOKEN_TYPE_UNSUPPORTED","metadata":{"method":"google.cloudresourcemanager.v1.Projects.TestIamPermissions","service":"cloudresourcemanager.googleapis.com"}}]}}
[debug] [2024-05-07T22:59:48.167Z] [iam] error while checking permissions, command may fail: FirebaseError: HTTP Error: 401, Request had invalid authentication credentials. Expected OAuth 2 access token, login cookie or other valid authentication credential. See https://developers.google.com/identity/sign-in/web/devconsole-project.
[debug] [2024-05-07T22:59:48.168Z] > refreshing access token with scopes: []
[debug] [2024-05-07T22:59:48.168Z] >>> [apiv2][query] POST https://www.googleapis.com/oauth2/v3/token [none]
[debug] [2024-05-07T22:59:48.168Z] >>> [apiv2][body] POST https://www.googleapis.com/oauth2/v3/token [omitted]
[debug] [2024-05-07T22:59:48.267Z] <<< [apiv2][status] POST https://www.googleapis.com/oauth2/v3/token 400
[debug] [2024-05-07T22:59:48.267Z] <<< [apiv2][body] POST https://www.googleapis.com/oauth2/v3/token [omitted]
[debug] [2024-05-07T22:59:48.268Z] >>> [apiv2][query] GET https://firebase.googleapis.com/v1beta1/projects/personal-site-ce23b [none]
[debug] [2024-05-07T22:59:48.479Z] <<< [apiv2][status] GET https://firebase.googleapis.com/v1beta1/projects/personal-site-ce23b 401
[debug] [2024-05-07T22:59:48.479Z] <<< [apiv2][body] GET https://firebase.googleapis.com/v1beta1/projects/personal-site-ce23b {"error":{"code":401,"message":"Request had invalid authentication credentials. Expected OAuth 2 access token, login cookie or other valid authentication credential. See https://developers.google.com/identity/sign-in/web/devconsole-project.","status":"UNAUTHENTICATED"}}
[debug] [2024-05-07T22:59:48.479Z] HTTP Error: 401, Request had invalid authentication credentials. Expected OAuth 2 access token, login cookie or other valid authentication credential. See https://developers.google.com/identity/sign-in/web/devconsole-project.
[debug] [2024-05-07T22:59:48.480Z] FirebaseError: HTTP Error: 401, Request had invalid authentication credentials. Expected OAuth 2 access token, login cookie or other valid authentication credential. See https://developers.google.com/identity/sign-in/web/devconsole-project.
    at responseToError (/usr/local/lib/node_modules/firebase-tools/lib/responseToError.js:49:12)
    at RetryOperation._fn (/usr/local/lib/node_modules/firebase-tools/lib/apiv2.js:285:77)
    at process.processTicksAndRejections (node:internal/process/task_queues:95:5)
[error] 
[error] Error: Failed to get Firebase project personal-site-ce23b. Please make sure the project exists and your account has permission to access it.
